0 info it worked if it ends with ok
1 verbose cli [ 'node', '/usr/local/bin/npm', 'publish' ]
2 info using npm@1.3.17
3 info using node@v0.10.23
4 verbose publish [ '.' ]
5 verbose cache add [ '.', null ]
6 verbose cache add name=undefined spec="." args=[".",null]
7 verbose parsed url { protocol: null,
7 verbose parsed url   slashes: null,
7 verbose parsed url   auth: null,
7 verbose parsed url   host: null,
7 verbose parsed url   port: null,
7 verbose parsed url   hostname: null,
7 verbose parsed url   hash: null,
7 verbose parsed url   search: null,
7 verbose parsed url   query: null,
7 verbose parsed url   pathname: '.',
7 verbose parsed url   path: '.',
7 verbose parsed url   href: '.' }
8 silly lockFile 3a52ce78- .
9 verbose lock . /Users/xdf/.npm/3a52ce78-.lock
10 verbose tar pack [ '/Users/xdf/tmp/npm-3330-GEoiPZG9/1387884891089-0.18086823215708137/tmp.tgz',
10 verbose tar pack   '.' ]
11 verbose tarball /Users/xdf/tmp/npm-3330-GEoiPZG9/1387884891089-0.18086823215708137/tmp.tgz
12 verbose folder .
13 info prepublish passme@1.0.6
14 silly lockFile 1f1177db-tar tar://.
15 verbose lock tar://. /Users/xdf/.npm/1f1177db-tar.lock
16 silly lockFile b41f3147-1089-0-18086823215708137-tmp-tgz tar:///Users/xdf/tmp/npm-3330-GEoiPZG9/1387884891089-0.18086823215708137/tmp.tgz
17 verbose lock tar:///Users/xdf/tmp/npm-3330-GEoiPZG9/1387884891089-0.18086823215708137/tmp.tgz /Users/xdf/.npm/b41f3147-1089-0-18086823215708137-tmp-tgz.lock
18 silly lockFile 1f1177db-tar tar://.
19 silly lockFile 1f1177db-tar tar://.
20 silly lockFile b41f3147-1089-0-18086823215708137-tmp-tgz tar:///Users/xdf/tmp/npm-3330-GEoiPZG9/1387884891089-0.18086823215708137/tmp.tgz
21 silly lockFile b41f3147-1089-0-18086823215708137-tmp-tgz tar:///Users/xdf/tmp/npm-3330-GEoiPZG9/1387884891089-0.18086823215708137/tmp.tgz
22 verbose tar unpack /Users/xdf/tmp/npm-3330-GEoiPZG9/1387884891089-0.18086823215708137/tmp.tgz
23 silly lockFile 1c1e6e37-1089-0-18086823215708137-package tar:///Users/xdf/tmp/npm-3330-GEoiPZG9/1387884891089-0.18086823215708137/package
24 verbose lock tar:///Users/xdf/tmp/npm-3330-GEoiPZG9/1387884891089-0.18086823215708137/package /Users/xdf/.npm/1c1e6e37-1089-0-18086823215708137-package.lock
25 silly lockFile b41f3147-1089-0-18086823215708137-tmp-tgz tar:///Users/xdf/tmp/npm-3330-GEoiPZG9/1387884891089-0.18086823215708137/tmp.tgz
26 verbose lock tar:///Users/xdf/tmp/npm-3330-GEoiPZG9/1387884891089-0.18086823215708137/tmp.tgz /Users/xdf/.npm/b41f3147-1089-0-18086823215708137-tmp-tgz.lock
27 silly gunzTarPerm modes [ '755', '644' ]
28 silly gunzTarPerm extractEntry package.json
29 silly gunzTarPerm extractEntry .npmignore
30 silly gunzTarPerm extractEntry README.md
31 silly gunzTarPerm extractEntry LICENSE
32 silly gunzTarPerm extractEntry Gruntfile.js
33 silly gunzTarPerm extractEntry index.js
34 silly gunzTarPerm extractEntry demo/amd.js
35 silly gunzTarPerm extractEntry demo/cmd.js
36 silly gunzTarPerm extractEntry demo/syntax.js
37 silly gunzTarPerm extractEntry demo/amd.html
38 silly gunzTarPerm extractEntry demo/parse.css
39 silly gunzTarPerm extractEntry demo/syntax.html
40 silly gunzTarPerm extractEntry tools/aml.min.js
41 silly gunzTarPerm extractEntry bin/passme.js
42 silly gunzTarPerm extractEntry bin/passme.min.js
43 silly gunzTarPerm extractEntry bin/passme.map
44 silly gunzTarPerm extractEntry test/tokenize.js
45 silly gunzTarPerm extractEntry test/3rdparty/base.js
46 silly gunzTarPerm extractEntry test/3rdparty/jquery-1.10.2.js
47 silly gunzTarPerm extractEntry test/3rdparty/kissy-1.4.0.js
48 silly gunzTarPerm extractEntry test/3rdparty/vendor-edit.js
49 silly gunzTarPerm extractEntry test/mocha.opts
50 silly gunzTarPerm extractEntry src/passme.js
51 silly lockFile 1c1e6e37-1089-0-18086823215708137-package tar:///Users/xdf/tmp/npm-3330-GEoiPZG9/1387884891089-0.18086823215708137/package
52 silly lockFile 1c1e6e37-1089-0-18086823215708137-package tar:///Users/xdf/tmp/npm-3330-GEoiPZG9/1387884891089-0.18086823215708137/package
53 silly lockFile b41f3147-1089-0-18086823215708137-tmp-tgz tar:///Users/xdf/tmp/npm-3330-GEoiPZG9/1387884891089-0.18086823215708137/tmp.tgz
54 silly lockFile b41f3147-1089-0-18086823215708137-tmp-tgz tar:///Users/xdf/tmp/npm-3330-GEoiPZG9/1387884891089-0.18086823215708137/tmp.tgz
55 verbose tar pack [ '/Users/xdf/.npm/passme/1.0.6/package.tgz',
55 verbose tar pack   '/Users/xdf/tmp/npm-3330-GEoiPZG9/1387884891089-0.18086823215708137/package' ]
56 verbose tarball /Users/xdf/.npm/passme/1.0.6/package.tgz
57 verbose folder /Users/xdf/tmp/npm-3330-GEoiPZG9/1387884891089-0.18086823215708137/package
58 silly lockFile 1c1e6e37-1089-0-18086823215708137-package tar:///Users/xdf/tmp/npm-3330-GEoiPZG9/1387884891089-0.18086823215708137/package
59 verbose lock tar:///Users/xdf/tmp/npm-3330-GEoiPZG9/1387884891089-0.18086823215708137/package /Users/xdf/.npm/1c1e6e37-1089-0-18086823215708137-package.lock
60 silly lockFile b69e85dc-xdf-npm-passme-1-0-6-package-tgz tar:///Users/xdf/.npm/passme/1.0.6/package.tgz
61 verbose lock tar:///Users/xdf/.npm/passme/1.0.6/package.tgz /Users/xdf/.npm/b69e85dc-xdf-npm-passme-1-0-6-package-tgz.lock
62 silly lockFile 1c1e6e37-1089-0-18086823215708137-package tar:///Users/xdf/tmp/npm-3330-GEoiPZG9/1387884891089-0.18086823215708137/package
63 silly lockFile 1c1e6e37-1089-0-18086823215708137-package tar:///Users/xdf/tmp/npm-3330-GEoiPZG9/1387884891089-0.18086823215708137/package
64 silly lockFile b69e85dc-xdf-npm-passme-1-0-6-package-tgz tar:///Users/xdf/.npm/passme/1.0.6/package.tgz
65 silly lockFile b69e85dc-xdf-npm-passme-1-0-6-package-tgz tar:///Users/xdf/.npm/passme/1.0.6/package.tgz
66 silly lockFile 42010fd5-ers-xdf-npm-passme-1-0-6-package /Users/xdf/.npm/passme/1.0.6/package
67 verbose lock /Users/xdf/.npm/passme/1.0.6/package /Users/xdf/.npm/42010fd5-ers-xdf-npm-passme-1-0-6-package.lock
68 silly lockFile 42010fd5-ers-xdf-npm-passme-1-0-6-package /Users/xdf/.npm/passme/1.0.6/package
69 silly lockFile 42010fd5-ers-xdf-npm-passme-1-0-6-package /Users/xdf/.npm/passme/1.0.6/package
70 verbose tar unpack /Users/xdf/.npm/passme/1.0.6/package.tgz
71 silly lockFile f1f643b0-ers-xdf-npm-passme-1-0-6-package tar:///Users/xdf/.npm/passme/1.0.6/package
72 verbose lock tar:///Users/xdf/.npm/passme/1.0.6/package /Users/xdf/.npm/f1f643b0-ers-xdf-npm-passme-1-0-6-package.lock
73 silly lockFile b69e85dc-xdf-npm-passme-1-0-6-package-tgz tar:///Users/xdf/.npm/passme/1.0.6/package.tgz
74 verbose lock tar:///Users/xdf/.npm/passme/1.0.6/package.tgz /Users/xdf/.npm/b69e85dc-xdf-npm-passme-1-0-6-package-tgz.lock
75 silly gunzTarPerm modes [ '755', '644' ]
76 silly gunzTarPerm extractEntry package.json
77 silly gunzTarPerm extractEntry .npmignore
78 silly gunzTarPerm extractEntry README.md
79 silly gunzTarPerm extractEntry LICENSE
80 silly gunzTarPerm extractEntry Gruntfile.js
81 silly gunzTarPerm extractEntry index.js
82 silly gunzTarPerm extractEntry bin/passme.js
83 silly gunzTarPerm extractEntry bin/passme.min.js
84 silly gunzTarPerm extractEntry bin/passme.map
85 silly gunzTarPerm extractEntry tools/aml.min.js
86 silly gunzTarPerm extractEntry src/passme.js
87 silly gunzTarPerm extractEntry test/tokenize.js
88 silly gunzTarPerm extractEntry test/3rdparty/base.js
89 silly gunzTarPerm extractEntry test/3rdparty/jquery-1.10.2.js
90 silly gunzTarPerm extractEntry test/3rdparty/kissy-1.4.0.js
91 silly gunzTarPerm extractEntry test/3rdparty/vendor-edit.js
92 silly gunzTarPerm extractEntry test/mocha.opts
93 silly gunzTarPerm extractEntry demo/amd.js
94 silly gunzTarPerm extractEntry demo/cmd.js
95 silly gunzTarPerm extractEntry demo/syntax.js
96 silly gunzTarPerm extractEntry demo/amd.html
97 silly gunzTarPerm extractEntry demo/parse.css
98 silly gunzTarPerm extractEntry demo/syntax.html
99 silly lockFile f1f643b0-ers-xdf-npm-passme-1-0-6-package tar:///Users/xdf/.npm/passme/1.0.6/package
100 silly lockFile f1f643b0-ers-xdf-npm-passme-1-0-6-package tar:///Users/xdf/.npm/passme/1.0.6/package
101 silly lockFile b69e85dc-xdf-npm-passme-1-0-6-package-tgz tar:///Users/xdf/.npm/passme/1.0.6/package.tgz
102 silly lockFile b69e85dc-xdf-npm-passme-1-0-6-package-tgz tar:///Users/xdf/.npm/passme/1.0.6/package.tgz
103 verbose chmod /Users/xdf/.npm/passme/1.0.6/package.tgz 644
104 verbose chown /Users/xdf/.npm/passme/1.0.6/package.tgz [ 501, 20 ]
105 silly lockFile 3a52ce78- .
106 silly lockFile 3a52ce78- .
107 silly publish { name: 'passme',
107 silly publish   version: '1.0.6',
107 silly publish   description: 'parse me!',
107 silly publish   main: 'index.js',
107 silly publish   scripts: { test: 'echo "Error: no test specified" && exit 1' },
107 silly publish   repository: { type: 'git', url: 'https://github.com/xudafeng/passme.git' },
107 silly publish   keywords: [ 'parse' ],
107 silly publish   author: { name: 'xudafeng' },
107 silly publish   license: 'BSD-2-Clause',
107 silly publish   bugs: { url: 'https://github.com/xudafeng/passme/issues' },
107 silly publish   devDependencies: { grunt: '~0.4.1', 'grunt-contrib-concat': '~0.3.0', mocha: '*' },
107 silly publish   readme: 'passme\n======\n\npassme\n',
107 silly publish   readmeFilename: 'README.md',
107 silly publish   homepage: 'https://github.com/xudafeng/passme',
107 silly publish   _id: 'passme@1.0.6',
107 silly publish   dist: { shasum: '136051290b28cf546a34fa4da7abe189bd1aa92a' },
107 silly publish   _from: '.' }
108 verbose url raw passme
109 verbose url resolving [ 'https://registry.npmjs.org/', './passme' ]
110 verbose url resolved https://registry.npmjs.org/passme
111 info trying registry request attempt 1 at 19:34:51
112 http PUT https://registry.npmjs.org/passme
113 http 409 https://registry.npmjs.org/passme
114 verbose url raw passme
115 verbose url resolving [ 'https://registry.npmjs.org/', './passme' ]
116 verbose url resolved https://registry.npmjs.org/passme
117 info trying registry request attempt 1 at 19:34:53
118 http GET https://registry.npmjs.org/passme
119 http 200 https://registry.npmjs.org/passme
120 verbose uploading [ 'passme/-/passme-1.0.6.tgz/-rev/11-a7563ef5230d779d21b4370aacdd75a0',
120 verbose uploading   '/Users/xdf/.npm/passme/1.0.6/package.tgz' ]
121 verbose url raw passme/-/passme-1.0.6.tgz/-rev/11-a7563ef5230d779d21b4370aacdd75a0
122 verbose url resolving [ 'https://registry.npmjs.org/',
122 verbose url resolving   './passme/-/passme-1.0.6.tgz/-rev/11-a7563ef5230d779d21b4370aacdd75a0' ]
123 verbose url resolved https://registry.npmjs.org/passme/-/passme-1.0.6.tgz/-rev/11-a7563ef5230d779d21b4370aacdd75a0
124 info trying registry request attempt 1 at 19:34:55
125 http PUT https://registry.npmjs.org/passme/-/passme-1.0.6.tgz/-rev/11-a7563ef5230d779d21b4370aacdd75a0
126 http 502 https://registry.npmjs.org/passme/-/passme-1.0.6.tgz/-rev/11-a7563ef5230d779d21b4370aacdd75a0
127 verbose bad json <!DOCTYPE HTML PUBLIC "-//IETF//DTD HTML 2.0//EN">
127 verbose bad json <html><head>
127 verbose bad json <title>502 Bad Gateway</title>
127 verbose bad json </head><body>
127 verbose bad json <h1>Bad Gateway</h1>
127 verbose bad json <p>The proxy server received an invalid
127 verbose bad json response from an upstream server.<br />
127 verbose bad json </p>
127 verbose bad json <p>Additionally, a 400 Bad Request
127 verbose bad json error was encountered while trying to use an ErrorDocument to handle the request.</p>
127 verbose bad json </body></html>
128 error registry error parsing json
129 info retry will retry, error on last attempt: SyntaxError: Unexpected token <
129 info retry <!DOCTYPE HTML PUBLIC "-//IETF//DTD HTML 2.0//EN">
129 info retry <html><head>
129 info retry <title>502 Bad Gateway</title>
129 info retry </head><body>
129 info retry <h1>Bad Gateway</h1>
129 info retry <p>The proxy server received an invalid
129 info retry response from an upstream server.<br />
129 info retry </p>
129 info retry <p>Additionally, a 400 Bad Request
129 info retry error was encountered while trying to use an ErrorDocument to handle the request.</p>
129 info retry </body></html>
130 info trying registry request attempt 2 at 19:35:10
131 http PUT https://registry.npmjs.org/passme/-/passme-1.0.6.tgz/-rev/11-a7563ef5230d779d21b4370aacdd75a0
132 http 400 https://registry.npmjs.org/passme/-/passme-1.0.6.tgz/-rev/11-a7563ef5230d779d21b4370aacdd75a0
133 verbose bad json <!DOCTYPE HTML PUBLIC "-//IETF//DTD HTML 2.0//EN">
133 verbose bad json <html><head>
133 verbose bad json <title>400 Bad Request</title>
133 verbose bad json </head><body>
133 verbose bad json <h1>Bad Request</h1>
133 verbose bad json <p>Your browser sent a request that this server could not understand.<br />
133 verbose bad json </p>
133 verbose bad json </body></html>
134 error registry error parsing json
135 info trying registry request attempt 1 at 19:36:14
136 http PUT https://registry.npmjs.org/passme/-/passme-1.0.6.tgz/-rev/11-a7563ef5230d779d21b4370aacdd75a0
137 http 400 https://registry.npmjs.org/passme/-/passme-1.0.6.tgz/-rev/11-a7563ef5230d779d21b4370aacdd75a0
138 verbose bad json <!DOCTYPE HTML PUBLIC "-//IETF//DTD HTML 2.0//EN">
138 verbose bad json <html><head>
138 verbose bad json <title>400 Bad Request</title>
138 verbose bad json </head><body>
138 verbose bad json <h1>Bad Request</h1>
138 verbose bad json <p>Your browser sent a request that this server could not understand.<br />
138 verbose bad json </p>
138 verbose bad json </body></html>
139 error registry error parsing json
140 error publish Error uploading package
141 error SyntaxError: Unexpected token <
141 error <!DOCTYPE HTML PUBLIC "-//IETF//DTD HTML 2.0//EN">
141 error <html><head>
141 error <title>400 Bad Request</title>
141 error </head><body>
141 error <h1>Bad Request</h1>
141 error <p>Your browser sent a request that this server could not understand.<br />
141 error </p>
141 error </body></html>
141 error
141 error     at Object.parse (native)
141 error     at RegClient.<anonymous> (/usr/local/lib/node_modules/npm/node_modules/npm-registry-client/lib/request.js:238:23)
141 error     at Request.self.callback (/usr/local/lib/node_modules/npm/node_modules/request/request.js:123:22)
141 error     at Request.EventEmitter.emit (events.js:98:17)
141 error     at Request.<anonymous> (/usr/local/lib/node_modules/npm/node_modules/request/request.js:877:14)
141 error     at Request.EventEmitter.emit (events.js:117:20)
141 error     at IncomingMessage.<anonymous> (/usr/local/lib/node_modules/npm/node_modules/request/request.js:828:12)
141 error     at IncomingMessage.EventEmitter.emit (events.js:117:20)
141 error     at _stream_readable.js:920:16
141 error     at process._tickCallback (node.js:415:13)
142 error If you need help, you may report this *entire* log,
142 error including the npm and node versions, at:
142 error     <http://github.com/isaacs/npm/issues>
143 error System Darwin 12.5.0
144 error command "node" "/usr/local/bin/npm" "publish"
145 error cwd /Users/xdf/prjs/passme
146 error node -v v0.10.23
147 error npm -v 1.3.17
148 error type unexpected_token
149 verbose exit [ 1, true ]
